Build started 5/23/2013 10:12:39 PM.
     1>Project "C:\Users\Zimmerman\Dropbox\Senior Design\CentralProcessing\GUI\openFrameworks\Windows_v0.7.4\libs\openFrameworksCompiled\project\vs2010\openframeworksLib.vcxproj" on node 2 (build target(s)).
     1>InitializeBuildStatus:
         Creating "obj\Release\openframeworksLib.unsuccessfulbuild" because "AlwaysCreate" was specified.
       ClCompile:
         C:\Program Files (x86)\Microsoft Visual Studio 10.0\VC\bin\CL.exe /c /I..\..\..\..\libs\openFrameworks /I..\..\..\..\libs\openFrameworks\graphics /I..\..\..\..\libs\openFrameworks\app /I..\..\..\..\libs\openFrameworks\sound /I..\..\..\..\libs\openFrameworks\utils /I..\..\..\..\libs\openFrameworks\communication /I..\..\..\..\libs\openFrameworks\video /I..\..\..\..\libs\openFrameworks\types /I..\..\..\..\libs\openFrameworks\math /I..\..\..\..\libs\openFrameworks\3d /I..\..\..\..\libs\openFrameworks\gl /I..\..\..\..\libs\openFrameworks\events /I..\..\..\..\libs\glut\include /I..\..\..\..\libs\rtAudio\include /I..\..\..\..\libs\quicktime\include /I..\..\..\..\libs\freetype\include /I..\..\..\..\libs\freetype\include\freetype2 /I..\..\..\..\libs\freeImage\include /I..\..\..\..\libs\fmodex\include /I..\..\..\..\libs\videoInput\include /I..\..\..\..\libs\glew\include\ /I..\..\..\..\libs\glu\include /I..\..\..\..\libs\tess2\include /I..\..\..\..\libs\cairo\include\cairo /I..\..\..\..\libs\poco\include /I..\..\..\addons /nologo /W1 /WX- /O2 /Oy- /D WIN32 /D NDEBUG /D _CONSOLE /D POCO_STATIC /D CAIRO_WIN32_STATIC_BUILD /D DISABLE_SOME_FLOATING_POINT /D _UNICODE /D UNICODE /Gm- /EHsc /MD /GS /fp:precise /Zc:wchar_t /Zc:forScope /Fo"obj\Release\\" /Fd"obj\Release\vc100.pdb" /Gd /TP /analyze- /errorReport:prompt ..\..\..\openFrameworks\3d\of3dUtils.cpp ..\..\..\openFrameworks\3d\ofCamera.cpp ..\..\..\openFrameworks\3d\ofEasyCam.cpp ..\..\..\openFrameworks\3d\ofMesh.cpp ..\..\..\openFrameworks\3d\ofNode.cpp ..\..\..\openFrameworks\app\ofAppGlutWindow.cpp ..\..\..\openFrameworks\app\ofAppRunner.cpp ..\..\..\openFrameworks\events\ofEvents.cpp ..\..\..\openFrameworks\gl\ofFbo.cpp ..\..\..\openFrameworks\gl\ofGLRenderer.cpp ..\..\..\openFrameworks\gl\ofLight.cpp ..\..\..\openFrameworks\gl\ofMaterial.cpp ..\..\..\openFrameworks\gl\ofShader.cpp ..\..\..\openFrameworks\gl\ofTexture.cpp ..\..\..\openFrameworks\gl\ofVbo.cpp ..\..\..\openFrameworks\gl\ofVboMesh.cpp ..\..\..\openFrameworks\graphics\ofBitmapFont.cpp ..\..\..\openFrameworks\graphics\ofCairoRenderer.cpp ..\..\..\openFrameworks\graphics\ofGraphics.cpp ..\..\..\openFrameworks\graphics\ofImage.cpp ..\..\..\openFrameworks\graphics\ofPath.cpp ..\..\..\openFrameworks\graphics\ofPixels.cpp ..\..\..\openFrameworks\graphics\ofPolyline.cpp ..\..\..\openFrameworks\graphics\ofTessellator.cpp ..\..\..\openFrameworks\graphics\ofTrueTypeFont.cpp ..\..\..\openFrameworks\math\ofMath.cpp ..\..\..\openFrameworks\math\ofMatrix3x3.cpp ..\..\..\openFrameworks\math\ofMatrix4x4.cpp ..\..\..\openFrameworks\math\ofQuaternion.cpp ..\..\..\openFrameworks\math\ofVec2f.cpp ..\..\..\openFrameworks\math\ofVec4f.cpp ..\..\..\openFrameworks\sound\ofBaseSoundPlayer.cpp ..\..\..\openFrameworks\sound\ofBaseSoundStream.cpp ..\..\..\openFrameworks\sound\ofFmodSoundPlayer.cpp ..\..\..\openFrameworks\sound\ofRtAudioSoundStream.cpp ..\..\..\openFrameworks\sound\ofSoundPlayer.cpp ..\..\..\openFrameworks\sound\ofSoundStream.cpp ..\..\..\openFrameworks\types\ofBaseTypes.cpp ..\..\..\openFrameworks\types\ofColor.cpp ..\..\..\openFrameworks\types\ofPoint.cpp ..\..\..\openFrameworks\types\ofRectangle.cpp ..\..\..\openFrameworks\utils\ofFileUtils.cpp ..\..\..\openFrameworks\utils\ofLog.cpp ..\..\..\openFrameworks\utils\ofSystemUtils.cpp ..\..\..\openFrameworks\utils\ofThread.cpp ..\..\..\openFrameworks\utils\ofURLFileLoader.cpp ..\..\..\openFrameworks\utils\ofUtils.cpp ..\..\..\openFrameworks\video\ofDirectShowGrabber.cpp ..\..\..\openFrameworks\video\ofQtUtils.cpp ..\..\..\openFrameworks\video\ofQuickTimeGrabber.cpp ..\..\..\openFrameworks\video\ofQuickTimePlayer.cpp ..\..\..\openFrameworks\video\ofVideoGrabber.cpp ..\..\..\openFrameworks\video\ofVideoPlayer.cpp ..\..\..\openFrameworks\communication\ofArduino.cpp ..\..\..\openFrameworks\communication\ofSerial.cpp
         of3dUtils.cpp
         ofCamera.cpp
         ofEasyCam.cpp
         ofMesh.cpp
         ofNode.cpp
         ofAppGlutWindow.cpp
         ofAppRunner.cpp
         ofEvents.cpp
         ofFbo.cpp
         ofGLRenderer.cpp
         ofLight.cpp
         ofMaterial.cpp
         ofShader.cpp
         ofTexture.cpp
         ofVbo.cpp
         ofVboMesh.cpp
         ofBitmapFont.cpp
         ofCairoRenderer.cpp
         ofGraphics.cpp
         ofImage.cpp
         Generating Code...
         Compiling...
         ofPath.cpp
         ofPixels.cpp
         ofPolyline.cpp
         ofTessellator.cpp
         ofTrueTypeFont.cpp
         ofMath.cpp
         ofMatrix3x3.cpp
         ofMatrix4x4.cpp
         ofQuaternion.cpp
         ofVec2f.cpp
         ofVec4f.cpp
         ofBaseSoundPlayer.cpp
         ofBaseSoundStream.cpp
         ofFmodSoundPlayer.cpp
         ofRtAudioSoundStream.cpp
         ofSoundPlayer.cpp
         ofSoundStream.cpp
         ofBaseTypes.cpp
         ofColor.cpp
         ofPoint.cpp
         Generating Code...
         Compiling...
         ofRectangle.cpp
         ofFileUtils.cpp
         ofLog.cpp
         ofSystemUtils.cpp
         ofThread.cpp
         ofURLFileLoader.cpp
         ofUtils.cpp
         ofDirectShowGrabber.cpp
         ofQtUtils.cpp
         ofQuickTimeGrabber.cpp
         ofQuickTimePlayer.cpp
         ofVideoGrabber.cpp
         ofVideoPlayer.cpp
         ofArduino.cpp
         ofSerial.cpp
     1>..\..\..\openFrameworks\communication\ofSerial.cpp(551): warning C4305: 'return' : truncation from 'int' to 'bool'
         Generating Code...
       Lib:
         C:\Program Files (x86)\Microsoft Visual Studio 10.0\VC\bin\Lib.exe /OUT:"..\..\lib\vs2010\openframeworksLib.lib" /NOLOGO /LTCG obj\Release\of3dUtils.obj
         obj\Release\ofCamera.obj
         obj\Release\ofEasyCam.obj
         obj\Release\ofMesh.obj
         obj\Release\ofNode.obj
         obj\Release\ofAppGlutWindow.obj
         obj\Release\ofAppRunner.obj
         obj\Release\ofEvents.obj
         obj\Release\ofFbo.obj
         obj\Release\ofGLRenderer.obj
         obj\Release\ofLight.obj
         obj\Release\ofMaterial.obj
         obj\Release\ofShader.obj
         obj\Release\ofTexture.obj
         obj\Release\ofVbo.obj
         obj\Release\ofVboMesh.obj
         obj\Release\ofBitmapFont.obj
         obj\Release\ofCairoRenderer.obj
         obj\Release\ofGraphics.obj
         obj\Release\ofImage.obj
         obj\Release\ofPath.obj
         obj\Release\ofPixels.obj
         obj\Release\ofPolyline.obj
         obj\Release\ofTessellator.obj
         obj\Release\ofTrueTypeFont.obj
         obj\Release\ofMath.obj
         obj\Release\ofMatrix3x3.obj
         obj\Release\ofMatrix4x4.obj
         obj\Release\ofQuaternion.obj
         obj\Release\ofVec2f.obj
         obj\Release\ofVec4f.obj
         obj\Release\ofBaseSoundPlayer.obj
         obj\Release\ofBaseSoundStream.obj
         obj\Release\ofFmodSoundPlayer.obj
         obj\Release\ofRtAudioSoundStream.obj
         obj\Release\ofSoundPlayer.obj
         obj\Release\ofSoundStream.obj
         obj\Release\ofBaseTypes.obj
         obj\Release\ofColor.obj
         obj\Release\ofPoint.obj
         obj\Release\ofRectangle.obj
         obj\Release\ofFileUtils.obj
         obj\Release\ofLog.obj
         obj\Release\ofSystemUtils.obj
         obj\Release\ofThread.obj
         obj\Release\ofURLFileLoader.obj
         obj\Release\ofUtils.obj
         obj\Release\ofDirectShowGrabber.obj
         obj\Release\ofQtUtils.obj
         obj\Release\ofQuickTimeGrabber.obj
         obj\Release\ofQuickTimePlayer.obj
         obj\Release\ofVideoGrabber.obj
         obj\Release\ofVideoPlayer.obj
         obj\Release\ofArduino.obj
         obj\Release\ofSerial.obj
         openframeworksLib.vcxproj -> C:\Users\Zimmerman\Dropbox\Senior Design\CentralProcessing\GUI\openFrameworks\Windows_v0.7.4\libs\openFrameworksCompiled\project\vs2010\..\..\lib\vs2010\openframeworksLib.lib
       FinalizeBuildStatus:
         Deleting file "obj\Release\openframeworksLib.unsuccessfulbuild".
         Touching "obj\Release\openframeworksLib.lastbuildstate".
     1>Done Building Project "C:\Users\Zimmerman\Dropbox\Senior Design\CentralProcessing\GUI\openFrameworks\Windows_v0.7.4\libs\openFrameworksCompiled\project\vs2010\openframeworksLib.vcxproj" (build target(s)).

Build succeeded.

Time Elapsed 00:00:53.60
