C:\DROPBOX\DREXEL\CLASSES\JUNIOR YEAR\SENIOR DESIGN\CENTRALPROCESSING\GUI\OPENFRAMEWORKS\WINDOWS_V0.7.4\APPS\MYAPPS\MAIN_OF_PROJECT\BIN\MAIN_DEBUG.EXE
C:\Dropbox\Drexel\Classes\Junior Year\Senior Design\CentralProcessing\GUI\openFrameworks\Windows_v0.7.4\apps\myApps\main_of_project\bin\main_debug.exp
C:\Dropbox\Drexel\Classes\Junior Year\Senior Design\CentralProcessing\GUI\openFrameworks\Windows_v0.7.4\apps\myApps\main_of_project\bin\main_debug.lib
C:\DROPBOX\DREXEL\CLASSES\JUNIOR YEAR\SENIOR DESIGN\CENTRALPROCESSING\GUI\OPENFRAMEWORKS\WINDOWS_V0.7.4\APPS\MYAPPS\MAIN_OF_PROJECT\BIN\MAIN_DEBUG_DEBUGINFO.PDB
C:\DROPBOX\DREXEL\CLASSES\JUNIOR YEAR\SENIOR DESIGN\CENTRALPROCESSING\GUI\OPENFRAMEWORKS\WINDOWS_V0.7.4\APPS\MYAPPS\MAIN_OF_PROJECT\OBJ\DEBUG\APP.OBJ
C:\DROPBOX\DREXEL\CLASSES\JUNIOR YEAR\SENIOR DESIGN\CENTRALPROCESSING\GUI\OPENFRAMEWORKS\WINDOWS_V0.7.4\APPS\MYAPPS\MAIN_OF_PROJECT\OBJ\DEBUG\IPENDPOINTNAME.OBJ
C:\DROPBOX\DREXEL\CLASSES\JUNIOR YEAR\SENIOR DESIGN\CENTRALPROCESSING\GUI\OPENFRAMEWORKS\WINDOWS_V0.7.4\APPS\MYAPPS\MAIN_OF_PROJECT\OBJ\DEBUG\MAIN.OBJ
C:\DROPBOX\DREXEL\CLASSES\JUNIOR YEAR\SENIOR DESIGN\CENTRALPROCESSING\GUI\OPENFRAMEWORKS\WINDOWS_V0.7.4\APPS\MYAPPS\MAIN_OF_PROJECT\OBJ\DEBUG\MAIN_DEBUG.EXE.INTERMEDIATE.MANIFEST
C:\DROPBOX\DREXEL\CLASSES\JUNIOR YEAR\SENIOR DESIGN\CENTRALPROCESSING\GUI\OPENFRAMEWORKS\WINDOWS_V0.7.4\APPS\MYAPPS\MAIN_OF_PROJECT\OBJ\DEBUG\NETWORKINGUTILS.OBJ
C:\DROPBOX\DREXEL\CLASSES\JUNIOR YEAR\SENIOR DESIGN\CENTRALPROCESSING\GUI\OPENFRAMEWORKS\WINDOWS_V0.7.4\APPS\MYAPPS\MAIN_OF_PROJECT\OBJ\DEBUG\NETWORKINGUTILSWIN.OBJ
C:\DROPBOX\DREXEL\CLASSES\JUNIOR YEAR\SENIOR DESIGN\CENTRALPROCESSING\GUI\OPENFRAMEWORKS\WINDOWS_V0.7.4\APPS\MYAPPS\MAIN_OF_PROJECT\OBJ\DEBUG\OFPASOUNDSTREAM.OBJ
C:\DROPBOX\DREXEL\CLASSES\JUNIOR YEAR\SENIOR DESIGN\CENTRALPROCESSING\GUI\OPENFRAMEWORKS\WINDOWS_V0.7.4\APPS\MYAPPS\MAIN_OF_PROJECT\OBJ\DEBUG\OFXOSCBUNDLE.OBJ
C:\DROPBOX\DREXEL\CLASSES\JUNIOR YEAR\SENIOR DESIGN\CENTRALPROCESSING\GUI\OPENFRAMEWORKS\WINDOWS_V0.7.4\APPS\MYAPPS\MAIN_OF_PROJECT\OBJ\DEBUG\OFXOSCMESSAGE.OBJ
C:\DROPBOX\DREXEL\CLASSES\JUNIOR YEAR\SENIOR DESIGN\CENTRALPROCESSING\GUI\OPENFRAMEWORKS\WINDOWS_V0.7.4\APPS\MYAPPS\MAIN_OF_PROJECT\OBJ\DEBUG\OFXOSCRECEIVER.OBJ
C:\DROPBOX\DREXEL\CLASSES\JUNIOR YEAR\SENIOR DESIGN\CENTRALPROCESSING\GUI\OPENFRAMEWORKS\WINDOWS_V0.7.4\APPS\MYAPPS\MAIN_OF_PROJECT\OBJ\DEBUG\OFXOSCSENDER.OBJ
C:\DROPBOX\DREXEL\CLASSES\JUNIOR YEAR\SENIOR DESIGN\CENTRALPROCESSING\GUI\OPENFRAMEWORKS\WINDOWS_V0.7.4\APPS\MYAPPS\MAIN_OF_PROJECT\OBJ\DEBUG\OSCOUTBOUNDPACKETSTREAM.OBJ
C:\DROPBOX\DREXEL\CLASSES\JUNIOR YEAR\SENIOR DESIGN\CENTRALPROCESSING\GUI\OPENFRAMEWORKS\WINDOWS_V0.7.4\APPS\MYAPPS\MAIN_OF_PROJECT\OBJ\DEBUG\OSCPRINTRECEIVEDELEMENTS.OBJ
C:\DROPBOX\DREXEL\CLASSES\JUNIOR YEAR\SENIOR DESIGN\CENTRALPROCESSING\GUI\OPENFRAMEWORKS\WINDOWS_V0.7.4\APPS\MYAPPS\MAIN_OF_PROJECT\OBJ\DEBUG\OSCRECEIVEDELEMENTS.OBJ
C:\DROPBOX\DREXEL\CLASSES\JUNIOR YEAR\SENIOR DESIGN\CENTRALPROCESSING\GUI\OPENFRAMEWORKS\WINDOWS_V0.7.4\APPS\MYAPPS\MAIN_OF_PROJECT\OBJ\DEBUG\OSCTYPES.OBJ
C:\DROPBOX\DREXEL\CLASSES\JUNIOR YEAR\SENIOR DESIGN\CENTRALPROCESSING\GUI\OPENFRAMEWORKS\WINDOWS_V0.7.4\APPS\MYAPPS\MAIN_OF_PROJECT\OBJ\DEBUG\STRING_CONSTS.OBJ
C:\DROPBOX\DREXEL\CLASSES\JUNIOR YEAR\SENIOR DESIGN\CENTRALPROCESSING\GUI\OPENFRAMEWORKS\WINDOWS_V0.7.4\APPS\MYAPPS\MAIN_OF_PROJECT\OBJ\DEBUG\UDPSOCKET.OBJ
C:\DROPBOX\DREXEL\CLASSES\JUNIOR YEAR\SENIOR DESIGN\CENTRALPROCESSING\GUI\OPENFRAMEWORKS\WINDOWS_V0.7.4\APPS\MYAPPS\MAIN_OF_PROJECT\OBJ\DEBUG\UDPSOCKETWIN.OBJ
C:\DROPBOX\DREXEL\CLASSES\JUNIOR YEAR\SENIOR DESIGN\CENTRALPROCESSING\GUI\OPENFRAMEWORKS\WINDOWS_V0.7.4\APPS\MYAPPS\MAIN_OF_PROJECT\OBJ\DEBUG\VC100.PDB
C:\USERS\ZIMMERMAN\DROPBOX\SENIOR DESIGN\CENTRALPROCESSING\GUI\OPENFRAMEWORKS\WINDOWS_V0.7.4\APPS\MYAPPS\MAIN_OF_PROJECT\BIN\MAIN_DEBUG.EXE
C:\Users\Zimmerman\Dropbox\Senior Design\CentralProcessing\GUI\openFrameworks\Windows_v0.7.4\apps\myApps\main_of_project\bin\main_debug.exp
C:\Users\Zimmerman\Dropbox\Senior Design\CentralProcessing\GUI\openFrameworks\Windows_v0.7.4\apps\myApps\main_of_project\bin\main_debug.lib
C:\USERS\ZIMMERMAN\DROPBOX\SENIOR DESIGN\CENTRALPROCESSING\GUI\OPENFRAMEWORKS\WINDOWS_V0.7.4\APPS\MYAPPS\MAIN_OF_PROJECT\BIN\MAIN_DEBUG_DEBUGINFO.PDB
C:\Users\Zimmerman\Dropbox\Senior Design\CentralProcessing\GUI\openFrameworks\Windows_v0.7.4\apps\myApps\main_of_project\obj\Debug\app (Julian Kemmerer's conflicted copy 2013-04-21).obj
C:\Users\Zimmerman\Dropbox\Senior Design\CentralProcessing\GUI\openFrameworks\Windows_v0.7.4\apps\myApps\main_of_project\obj\Debug\app (Julian Kemmerer's conflicted copy 2013-05-11).obj
C:\Users\Zimmerman\Dropbox\Senior Design\CentralProcessing\GUI\openFrameworks\Windows_v0.7.4\apps\myApps\main_of_project\obj\Debug\app (Julian Kemmerer's conflicted copy 2013-05-12).obj
C:\USERS\ZIMMERMAN\DROPBOX\SENIOR DESIGN\CENTRALPROCESSING\GUI\OPENFRAMEWORKS\WINDOWS_V0.7.4\APPS\MYAPPS\MAIN_OF_PROJECT\OBJ\DEBUG\APP.OBJ
C:\Users\Zimmerman\Dropbox\Senior Design\CentralProcessing\GUI\openFrameworks\Windows_v0.7.4\apps\myApps\main_of_project\obj\Debug\cl.command.1.tlog
C:\Users\Zimmerman\Dropbox\Senior Design\CentralProcessing\GUI\openFrameworks\Windows_v0.7.4\apps\myApps\main_of_project\obj\Debug\CL.read.1.tlog
C:\Users\Zimmerman\Dropbox\Senior Design\CentralProcessing\GUI\openFrameworks\Windows_v0.7.4\apps\myApps\main_of_project\obj\Debug\CL.write.1.tlog
C:\Users\Zimmerman\Dropbox\Senior Design\CentralProcessing\GUI\openFrameworks\Windows_v0.7.4\apps\myApps\main_of_project\obj\Debug\gui_dll (Julian Kemmerer's conflicted copy 2013-04-21).tlh
C:\Users\Zimmerman\Dropbox\Senior Design\CentralProcessing\GUI\openFrameworks\Windows_v0.7.4\apps\myApps\main_of_project\obj\Debug\gui_dll.tlh
C:\Users\Zimmerman\Dropbox\Senior Design\CentralProcessing\GUI\openFrameworks\Windows_v0.7.4\apps\myApps\main_of_project\obj\Debug\gui_form.tlh
C:\USERS\ZIMMERMAN\DROPBOX\SENIOR DESIGN\CENTRALPROCESSING\GUI\OPENFRAMEWORKS\WINDOWS_V0.7.4\APPS\MYAPPS\MAIN_OF_PROJECT\OBJ\DEBUG\IPENDPOINTNAME.OBJ
C:\Users\Zimmerman\Dropbox\Senior Design\CentralProcessing\GUI\openFrameworks\Windows_v0.7.4\apps\myApps\main_of_project\obj\Debug\link.command.1.tlog
C:\Users\Zimmerman\Dropbox\Senior Design\CentralProcessing\GUI\openFrameworks\Windows_v0.7.4\apps\myApps\main_of_project\obj\Debug\link.read.1 (Julian Kemmerer's conflicted copy 2013-02-27) (M C's conflicted copy 2013-03-04).tlog
C:\Users\Zimmerman\Dropbox\Senior Design\CentralProcessing\GUI\openFrameworks\Windows_v0.7.4\apps\myApps\main_of_project\obj\Debug\link.read.1.tlog
C:\Users\Zimmerman\Dropbox\Senior Design\CentralProcessing\GUI\openFrameworks\Windows_v0.7.4\apps\myApps\main_of_project\obj\Debug\link.write.1 (M C's conflicted copy 2013-03-04) (Matthew Zimmerman's conflicted copy 2013-03-04).tlog
C:\Users\Zimmerman\Dropbox\Senior Design\CentralProcessing\GUI\openFrameworks\Windows_v0.7.4\apps\myApps\main_of_project\obj\Debug\link.write.1.tlog
C:\USERS\ZIMMERMAN\DROPBOX\SENIOR DESIGN\CENTRALPROCESSING\GUI\OPENFRAMEWORKS\WINDOWS_V0.7.4\APPS\MYAPPS\MAIN_OF_PROJECT\OBJ\DEBUG\MAIN.OBJ
C:\Users\Zimmerman\Dropbox\Senior Design\CentralProcessing\GUI\openFrameworks\Windows_v0.7.4\apps\myApps\main_of_project\obj\Debug\main.vcxprojResolveAssemblyReference.cache
C:\Users\Zimmerman\Dropbox\Senior Design\CentralProcessing\GUI\openFrameworks\Windows_v0.7.4\apps\myApps\main_of_project\obj\Debug\main.write.1 (Julian Kemmerer's conflicted copy 2013-05-11).tlog
C:\Users\Zimmerman\Dropbox\Senior Design\CentralProcessing\GUI\openFrameworks\Windows_v0.7.4\apps\myApps\main_of_project\obj\Debug\main.write.1.tlog
C:\USERS\ZIMMERMAN\DROPBOX\SENIOR DESIGN\CENTRALPROCESSING\GUI\OPENFRAMEWORKS\WINDOWS_V0.7.4\APPS\MYAPPS\MAIN_OF_PROJECT\OBJ\DEBUG\MAIN_DEBUG.EXE.INTERMEDIATE.MANIFEST
C:\Users\Zimmerman\Dropbox\Senior Design\CentralProcessing\GUI\openFrameworks\Windows_v0.7.4\apps\myApps\main_of_project\obj\Debug\mt.command.1.tlog
C:\Users\Zimmerman\Dropbox\Senior Design\CentralProcessing\GUI\openFrameworks\Windows_v0.7.4\apps\myApps\main_of_project\obj\Debug\mt.read.1.tlog
C:\Users\Zimmerman\Dropbox\Senior Design\CentralProcessing\GUI\openFrameworks\Windows_v0.7.4\apps\myApps\main_of_project\obj\Debug\mt.write.1.tlog
C:\USERS\ZIMMERMAN\DROPBOX\SENIOR DESIGN\CENTRALPROCESSING\GUI\OPENFRAMEWORKS\WINDOWS_V0.7.4\APPS\MYAPPS\MAIN_OF_PROJECT\OBJ\DEBUG\NETWORKINGUTILS.OBJ
C:\USERS\ZIMMERMAN\DROPBOX\SENIOR DESIGN\CENTRALPROCESSING\GUI\OPENFRAMEWORKS\WINDOWS_V0.7.4\APPS\MYAPPS\MAIN_OF_PROJECT\OBJ\DEBUG\NETWORKINGUTILSWIN.OBJ
C:\USERS\ZIMMERMAN\DROPBOX\SENIOR DESIGN\CENTRALPROCESSING\GUI\OPENFRAMEWORKS\WINDOWS_V0.7.4\APPS\MYAPPS\MAIN_OF_PROJECT\OBJ\DEBUG\OFPASOUNDSTREAM.OBJ
C:\USERS\ZIMMERMAN\DROPBOX\SENIOR DESIGN\CENTRALPROCESSING\GUI\OPENFRAMEWORKS\WINDOWS_V0.7.4\APPS\MYAPPS\MAIN_OF_PROJECT\OBJ\DEBUG\OFXOSCBUNDLE.OBJ
C:\USERS\ZIMMERMAN\DROPBOX\SENIOR DESIGN\CENTRALPROCESSING\GUI\OPENFRAMEWORKS\WINDOWS_V0.7.4\APPS\MYAPPS\MAIN_OF_PROJECT\OBJ\DEBUG\OFXOSCMESSAGE.OBJ
C:\USERS\ZIMMERMAN\DROPBOX\SENIOR DESIGN\CENTRALPROCESSING\GUI\OPENFRAMEWORKS\WINDOWS_V0.7.4\APPS\MYAPPS\MAIN_OF_PROJECT\OBJ\DEBUG\OFXOSCRECEIVER.OBJ
C:\USERS\ZIMMERMAN\DROPBOX\SENIOR DESIGN\CENTRALPROCESSING\GUI\OPENFRAMEWORKS\WINDOWS_V0.7.4\APPS\MYAPPS\MAIN_OF_PROJECT\OBJ\DEBUG\OFXOSCSENDER.OBJ
C:\USERS\ZIMMERMAN\DROPBOX\SENIOR DESIGN\CENTRALPROCESSING\GUI\OPENFRAMEWORKS\WINDOWS_V0.7.4\APPS\MYAPPS\MAIN_OF_PROJECT\OBJ\DEBUG\OSCOUTBOUNDPACKETSTREAM.OBJ
C:\USERS\ZIMMERMAN\DROPBOX\SENIOR DESIGN\CENTRALPROCESSING\GUI\OPENFRAMEWORKS\WINDOWS_V0.7.4\APPS\MYAPPS\MAIN_OF_PROJECT\OBJ\DEBUG\OSCPRINTRECEIVEDELEMENTS.OBJ
C:\USERS\ZIMMERMAN\DROPBOX\SENIOR DESIGN\CENTRALPROCESSING\GUI\OPENFRAMEWORKS\WINDOWS_V0.7.4\APPS\MYAPPS\MAIN_OF_PROJECT\OBJ\DEBUG\OSCRECEIVEDELEMENTS.OBJ
C:\USERS\ZIMMERMAN\DROPBOX\SENIOR DESIGN\CENTRALPROCESSING\GUI\OPENFRAMEWORKS\WINDOWS_V0.7.4\APPS\MYAPPS\MAIN_OF_PROJECT\OBJ\DEBUG\OSCTYPES.OBJ
C:\USERS\ZIMMERMAN\DROPBOX\SENIOR DESIGN\CENTRALPROCESSING\GUI\OPENFRAMEWORKS\WINDOWS_V0.7.4\APPS\MYAPPS\MAIN_OF_PROJECT\OBJ\DEBUG\STRING_CONSTS.OBJ
C:\USERS\ZIMMERMAN\DROPBOX\SENIOR DESIGN\CENTRALPROCESSING\GUI\OPENFRAMEWORKS\WINDOWS_V0.7.4\APPS\MYAPPS\MAIN_OF_PROJECT\OBJ\DEBUG\UDPSOCKET.OBJ
C:\USERS\ZIMMERMAN\DROPBOX\SENIOR DESIGN\CENTRALPROCESSING\GUI\OPENFRAMEWORKS\WINDOWS_V0.7.4\APPS\MYAPPS\MAIN_OF_PROJECT\OBJ\DEBUG\UDPSOCKETWIN.OBJ
C:\Users\Zimmerman\Dropbox\Senior Design\CentralProcessing\GUI\openFrameworks\Windows_v0.7.4\apps\myApps\main_of_project\obj\Debug\vc100 (Julian Kemmerer's conflicted copy 2013-04-21).idb
C:\Users\Zimmerman\Dropbox\Senior Design\CentralProcessing\GUI\openFrameworks\Windows_v0.7.4\apps\myApps\main_of_project\obj\Debug\vc100 (Julian Kemmerer's conflicted copy 2013-04-21).pdb
C:\Users\Zimmerman\Dropbox\Senior Design\CentralProcessing\GUI\openFrameworks\Windows_v0.7.4\apps\myApps\main_of_project\obj\Debug\vc100 (Julian Kemmerer's conflicted copy 2013-05-11).idb
C:\Users\Zimmerman\Dropbox\Senior Design\CentralProcessing\GUI\openFrameworks\Windows_v0.7.4\apps\myApps\main_of_project\obj\Debug\vc100 (Julian Kemmerer's conflicted copy 2013-05-11).pdb
C:\Users\Zimmerman\Dropbox\Senior Design\CentralProcessing\GUI\openFrameworks\Windows_v0.7.4\apps\myApps\main_of_project\obj\Debug\vc100.idb
C:\USERS\ZIMMERMAN\DROPBOX\SENIOR DESIGN\CENTRALPROCESSING\GUI\OPENFRAMEWORKS\WINDOWS_V0.7.4\APPS\MYAPPS\MAIN_OF_PROJECT\OBJ\DEBUG\VC100.PDB
